Started at Sun Jun 25 17:35:11 EEST 2023
Processing AutomatedDeploymentTest
Offering AutomatedDeploymentTest to Project Build Discarder
Processing Devproject1
Offering Devproject1 to Project Build Discarder
Processing JAVA_PROJECT
Offering JAVA_PROJECT to Project Build Discarder
Processing JmeterJenkinsTestJob
Offering JmeterJenkinsTestJob to Project Build Discarder
Processing SampleBuildJob
Offering SampleBuildJob to Project Build Discarder
Processing SampleDeployJobs
Offering SampleDeployJobs to Project Build Discarder
Processing SampleTestJob
Offering SampleTestJob to Project Build Discarder
Processing Test1
Offering Test1 to Project Build Discarder
Processing Test2
Offering Test2 to Project Build Discarder
Processing Test3
Offering Test3 to Project Build Discarder
Processing TestProject1
Offering TestProject1 to Project Build Discarder
Finished at Sun Jun 25 17:35:11 EEST 2023. 18ms
Started at Sun Jun 25 18:54:27 EEST 2023
Processing AutomatedDeploymentTest
Offering AutomatedDeploymentTest to Project Build Discarder
Processing Devproject1
Offering Devproject1 to Project Build Discarder
Processing JAVA_PROJECT
Offering JAVA_PROJECT to Project Build Discarder
Processing JmeterJenkinsTestJob
Offering JmeterJenkinsTestJob to Project Build Discarder
Processing ParametrizedJob
Offering ParametrizedJob to Project Build Discarder
Processing SampleBuildJob
Offering SampleBuildJob to Project Build Discarder
Processing SampleDeployJobs
Offering SampleDeployJobs to Project Build Discarder
Processing SampleProject1
Offering SampleProject1 to Project Build Discarder
Processing SampleTestJob
Offering SampleTestJob to Project Build Discarder
Processing Test1
Offering Test1 to Project Build Discarder
Processing Test2
Offering Test2 to Project Build Discarder
Processing Test3
Offering Test3 to Project Build Discarder
Processing TestProject1
Offering TestProject1 to Project Build Discarder
Finished at Sun Jun 25 18:54:27 EEST 2023. 3ms
Started at Sun Jun 25 20:16:38 EEST 2023
Processing AutomatedDeploymentTest
Offering AutomatedDeploymentTest to Project Build Discarder
Processing Devproject1
Offering Devproject1 to Project Build Discarder
Processing JAVA_PROJECT
Offering JAVA_PROJECT to Project Build Discarder
Processing JmeterJenkinsTestJob
Offering JmeterJenkinsTestJob to Project Build Discarder
Processing ParametrizedJob
Offering ParametrizedJob to Project Build Discarder
Processing SampleBuildJob
Offering SampleBuildJob to Project Build Discarder
Processing SampleDeployJobs
Offering SampleDeployJobs to Project Build Discarder
Processing SampleProject1
Offering SampleProject1 to Project Build Discarder
Processing SampleTestJob
Offering SampleTestJob to Project Build Discarder
Processing Test1
Offering Test1 to Project Build Discarder
Processing Test2
Offering Test2 to Project Build Discarder
Processing Test3
Offering Test3 to Project Build Discarder
Processing TestProject1
Offering TestProject1 to Project Build Discarder
Finished at Sun Jun 25 20:16:38 EEST 2023. 4ms
Started at Mon Jun 26 08:09:48 EEST 2023
Processing AutomatedDeploymentTest
Offering AutomatedDeploymentTest to Project Build Discarder
Processing Devproject1
Offering Devproject1 to Project Build Discarder
Processing JAVA_PROJECT
Offering JAVA_PROJECT to Project Build Discarder
Processing JmeterJenkinsTestJob
Offering JmeterJenkinsTestJob to Project Build Discarder
Processing ParametrizedJob
Offering ParametrizedJob to Project Build Discarder
Processing SampleBuildJob
Offering SampleBuildJob to Project Build Discarder
Processing SampleDeployJobs
Offering SampleDeployJobs to Project Build Discarder
Processing SampleProject1
Offering SampleProject1 to Project Build Discarder
Processing SampleTestJob
Offering SampleTestJob to Project Build Discarder
Processing Test1
Offering Test1 to Project Build Discarder
Processing Test2
Offering Test2 to Project Build Discarder
Processing Test3
Offering Test3 to Project Build Discarder
Processing TestProject1
Offering TestProject1 to Project Build Discarder
Finished at Mon Jun 26 08:09:48 EEST 2023. 6ms
